2024-10-28 17:45:35 
[INFO]: Користувач увійшов у програму

2024-10-28 17:45:46 
[INFO]: Користувач вибрав фільтрацію списку за типом путівки.

2024-10-28 17:45:57 
[INFO]: Користувач вибрав сортування за ціною путівки у порядку спадання.

2024-10-28 17:46:10 
[INFO]: Путівку видалено.
Тип: Екскурсія
Країна: Німеччина
Транспорт: Автобус
Харчування: Все включено
Бюджет: Середній
Кількість днів: 4
Дата поїздки: 2024-11-11
Ціна: 2100

2024-10-28 17:46:13 
[INFO]: Користувач вийшов з програми

2024-10-31 07:50:31 
[INFO]: Користувач увійшов у програму.

2024-10-31 08:43:37 
[INFO]: Користувач увійшов у програму.

2024-10-31 08:43:57 
[ERROR]: Виникла помилка під час встановлення дати путівки.
Користувач ввів: asd.

2024-10-31 08:44:48 
[INFO]:  Путівку додано.
Тип: Екскурсія
Країна: Італія
Транспорт: Потяг
Харчування: Без харчування
Бюджет: Низький
Кількість днів: 4
Дата поїздки: 2024-12-12
Ціна: 1850

2024-10-31 08:46:18 
[INFO]:  Путівку додано.
Тип: Шопінг
Країна: Франція
Транспорт: Потяг
Харчування: Без харчування
Бюджет: Високий
Кількість днів: 4
Дата поїздки: 2024-12-22
Ціна: 2750

2024-10-31 08:46:28 
[INFO]: Користувач вийшов з програми.

2024-10-31 09:30:05 
[INFO]: Користувач увійшов у програму.

2024-10-31 09:30:18 
[INFO]: Користувач вийшов з програми.

2024-10-31 09:51:13 
[INFO]: Користувач увійшов у програму.

2024-10-31 09:51:23 
[INFO]: Користувач вибрав сортування за кількістю днів у порядку спадання.

2024-10-31 09:51:27 
[INFO]: Користувач вийшов з програми.

2024-10-31 10:03:07 
[INFO]: Користувач увійшов у програму.

2024-10-31 10:04:13 
[INFO]: Користувач вибрав фільтрацію списку за країною.

2024-10-31 10:04:35 
[INFO]: Користувач увійшов у програму.

2024-10-31 10:04:41 
[INFO]: Користувач вибрав фільтрацію списку за країною.

2024-10-31 10:05:38 
[INFO]:  Путівку додано.
Тип: Відпочинок
Країна: США
Транспорт: Літак
Харчування: Все включено
Бюджет: Середній
Кількість днів: 14
Дата поїздки: 2024-12-01
Ціна: 8300

2024-10-31 10:05:59 
[INFO]: Користувач вибрав перегляд всього списку.

2024-10-31 10:06:28 
[INFO]: Користувач вибрав сортування за кількістю днів у порядку зростання.

2024-10-31 10:06:47 
[INFO]: Користувач вибрав фільтрацію списку за типом харчування.

2024-10-31 10:07:11 
[INFO]: Користувач вибрав перегляд всього списку.

2024-10-31 10:08:30 
[INFO]: Користувач вибрав фільтрацію списку за країною.

2024-10-31 11:15:51 
[INFO]: Користувач увійшов у програму.

2024-11-01 17:10:32
[INFO]: Користувач увійшов у програму.

2024-11-01 17:10:40 
[INFO]: Користувач вибрав фільтрацію списку за країною.

2024-11-01 17:10:45 
[INFO]: Користувач вибрав перегляд всього списку.

2024-11-01 17:10:48 
[INFO]: Користувач вийшов з програми.

2024-11-01 17:10:56 
[INFO]: Користувач увійшов у програму.

2024-11-01 17:11:07 
[INFO]: Користувач вибрав сортування за ціною путівки у порядку зростання.

2024-11-01 17:11:27 
[INFO]: Користувач вийшов з програми.

2024-11-02 20:11:04 
[INFO]: Користувач увійшов у програму.

2024-11-02 20:11:28
[ERROR]: Виникла помилка під час встановлення дати путівки.
Користувач ввів: невірна дата.

2024-11-02 20:11:40 
[INFO]:  Путівку додано.
Тип: Екскурсія
Країна: Франція
Транспорт: Потяг
Харчування: Без харчування
Бюджет: Низький
Кількість днів: 4
2024-11-02 20:18:43 
[INFO]: Користувач увійшов у програму.

2024-11-02 20:19:15 
[ERROR]: Виникла помилка під час встановлення дати путівки.
Користувач ввів: 2024-10-10 - це дата в минулому.

2024-11-02 20:19:29 
[INFO]:  Путівку додано.
Тип: Круїз
Країна: Німеччина
Транспорт: Літак
Харчування: Все включено
Бюджет: Середній
Кількість днів: 6
Дата поїздки: 2024-11-11
Ціна: 7800

2024-11-02 20:19:33 
[INFO]: Користувач вийшов з програми.

2024-11-02 20:21:08 
[INFO]: Користувач увійшов у програму.

2024-11-02 20:21:29 
[ERROR]: Виникла помилка під час встановлення дати путівки.
Користувач ввів: 2024-10-10 - це дата в минулому.

2024-11-02 20:21:43 
[INFO]:  Путівку додано.
Тип: Круїз
Країна: Німеччина
Транспорт: Потяг
Харчування: Все включено
Бюджет: Високий
Кількість днів: 10
Дата поїздки: 2024-11-12
Ціна: 11850

2024-11-02 20:22:23
[INFO]: Користувач вийшов з програми.