2024-10-15 16:46:11
[INFO]: 	Путівку додано.
Назва: 1 пут
Тип: Екскурсія
Країна: Італія
Транспорт: Потяг
Харчування: Все_включено
Бюджет: Середній
Кількість днів: 4
Дата поїздки: 2024-11-11
Ціна: 2150

2024-10-17 08:42:09 
[INFO]: 	Путівку видалено.
Назва: Путівка_5
Тип: Лікування
Країна: Німеччина
Транспорт: Літак
Харчування: Без_харчування
Бюджет: Високий
Кількість днів: 20
Дата поїздки: 2024-12-12
Ціна: 15600

2024-10-17 10:01:58 
[INFO]: 	Путівку додано.
Назва: Путівка 1
Тип: Екскурсія
Країна: Італія
Транспорт: Потяг
Харчування: Все_включено
Бюджет: Середній
Кількість днів: 4
Дата поїздки: 2024-11-11
Ціна: 2150

2024-10-17 10:02:27 
[INFO]: 	Путівку додано.
Назва: Путівка 2
Тип: Лікування
Країна: Бразилія
Транспорт: Відсутній
Харчування: Все_включено
Бюджет: Низький
Кількість днів: 20
Дата поїздки: 2024-12-12
Ціна: 15000

2024-10-17 10:02:49 
[INFO]: 	Путівку додано.
Назва: Путівка 3
Тип: Круїз
Країна: Єгипет
Транспорт: Автобус
Харчування: Все_включено
Бюджет: Середній
Кількість днів: 30
Дата поїздки: 2024-11-12
Ціна: 31600

2024-10-17 10:03:31 
[INFO]: 	Путівку додано.
Назва: Путівка 4
Тип: Шопінг
Країна: Німеччина
Транспорт: Машина
Харчування: Все_включено
Бюджет: Низький
Кількість днів: 3
Дата поїздки: 2024-11-20
Ціна: 1950

2024-10-17 10:03:54 
[INFO]: 	Путівку додано.
Назва: Путівка 5
Тип: Шопінг
Країна: Туреччина
Транспорт: Літак
Харчування: Все_включено
Бюджет: Середній
Кількість днів: 4
Дата поїздки: 2024-11-25
Ціна: 2800

2024-10-17 10:04:23 
[INFO]: 	Путівку додано.
Назва: Путівка 6
Тип: Екстрим_тур
Країна: Швеція
Транспорт: Автобус
Харчування: Все_включено
Бюджет: Середній
Кількість днів: 6
Дата поїздки: 2024-11-30
Ціна: 6200

2024-10-17 10:05:08 
[INFO]: 	Путівку додано.
Назва: Путівка 7
Тип: Еду_тур
Країна: Туреччина
Транспорт: Потяг
Харчування: Все_включено
Бюджет: Високий
Кількість днів: 10
Дата поїздки: 2024-11-20
Ціна: 7450

2024-10-17 10:54:03 
[SEVERE]: Невірна країна: гондурас
2024-10-17 20:47:49
[INFO]: Користувач вибрав фільтрацію списку за країною.

2024-10-17 20:53:08 
[SEVERE]: Користувач ввів: sadas
Text 'sadas' could not be parsed at index 0

2024-10-17 20:53:41 
[INFO]: 	Путівку додано.
Назва: Путівка 8
Тип: Екскурсія
Країна: Іспанія
Транспорт: Потяг
Харчування: Все_включено
Бюджет: Середній
Кількість днів: 4
Дата поїздки: 2024-11-11
Ціна: 2150

2024-10-17 21:03:58 
[SEVERE]: Виникла помилка під час встановлення дати путівки: Користувач ввів: віфв


2024-10-17 21:06:13 
[ERROR]: Виникла помилка під час встановлення дати путівки: Користувач ввів: 20івф


2024-10-18 13:01:26 
[ERROR]: Виникла помилка під час встановлення дати путівки.
Користувач ввів: invalid-date


2024-10-18 13:07:17 
[ERROR]: Виникла помилка під час встановлення дати путівки.
Користувач ввів: Неправильна дата.

2024-10-18 13:11:17 
[ERROR]: Виникла помилка під час встановлення дати путівки.
Користувач ввів: Неправильна дата.

2024-10-18 13:14:46 
[ERROR]: Виникла помилка під час встановлення дати путівки.
Користувач ввів: Неправильна дата.

2024-10-18 13:15:04 
[ERROR]: Виникла помилка під час встановлення дати путівки.
Користувач ввів: Неправильна дата.

2024-10-18 14:05:30 
[ERROR]: Виникла помилка під час встановлення дати путівки.
Користувач ввів: Неправильна дата.

2024-10-18 14:06:28 
[ERROR]: Виникла помилка під час встановлення дати путівки.
Користувач ввів: Неправильна дата.

2024-10-18 16:25:23 
[ERROR]: Виникла помилка під час встановлення дати путівки.
Користувач ввів: Неправильна дата.

2024-10-18 16:41:19 
[ERROR]: Виникла помилка під час встановлення дати путівки.
Користувач ввів: Неправильна дата.

2024-10-18 16:48:54 
[INFO]: Користувач вибрав перегляд всього списку.

2024-10-18 17:02:36 
[INFO]: Користувач вибрав перегляд всього списку.

2024-10-18 18:40:54 
[ERROR]: Виникла помилка під час встановлення дати путівки.
Користувач ввів: Неправильна дата.

2024-10-18 19:27:15 
[INFO]: Користувач увійшов у програму

2024-10-18 20:52:44 
[ERROR]: Виникла помилка під час встановлення дати путівки.
Користувач ввів: Неправильна дата.

2024-10-18 21:12:58 
[INFO]: Користувач увійшов у програму

2024-10-18 22:20:47 
[ERROR]: Виникла помилка під час встановлення дати путівки.
Користувач ввів: Неправильна дата.

2024-10-19 07:44:20 
[ERROR]: Виникла помилка під час встановлення дати путівки.
Користувач ввів: Неправильна дата.

2024-10-19 09:26:59 
[INFO]: Користувач вибрав перегляд всього списку.

2024-10-19 09:56:18 
[INFO]: Користувач вибрав перегляд всього списку.

2024-10-19 09:57:13 
[INFO]: Користувач вибрав перегляд всього списку.

2024-10-19 10:03:44 
[INFO]: Користувач вибрав перегляд всього списку.

2024-10-19 10:10:53 
[INFO]: Користувач вибрав перегляд всього списку.

2024-10-19 10:39:39 
[ERROR]: Виникла помилка під час встановлення дати путівки.
Користувач ввів: Неправильна дата.

2024-10-23 18:33:27 
[ERROR]: Виникла помилка під час встановлення дати путівки.
Користувач ввів: Неправильна дата.

2024-10-23 20:16:26 
[INFO]: Користувач вибрав фільтрацію списку за типом путівки.

2024-10-23 20:28:29 
[ERROR]: Виникла помилка під час встановлення дати путівки.
Користувач ввів: Неправильна дата.

2024-10-23 20:52:37 
[ERROR]: Виникла помилка під час встановлення дати путівки.
Користувач ввів: Неправильна дата.

2024-10-23 21:38:07 
[ERROR]: Виникла помилка під час встановлення дати путівки.
Користувач ввів: Неправильна дата.

2024-10-23 22:10:44 
[INFO]: Користувач увійшов у програму

2024-10-23 22:13:58 
[INFO]: Користувач увійшов у програму

2024-10-23 22:17:51 
[ERROR]: Виникла помилка під час встановлення дати путівки.
Користувач ввів: Неправильна дата.

2024-10-24 09:01:39 
[ERROR]: Виникла помилка під час встановлення дати путівки.
Користувач ввів: Неправильна дата.

2024-10-24 10:04:34 
[INFO]: Користувач увійшов у програму

2024-10-24 10:05:16 
[INFO]: 	Путівку додано.
Назва: путівка
Тип: Екскурсія
Країна: Німеччина
Транспорт: Автобус
Харчування: Все_включено
Бюджет: Середній
Кількість днів: 4
Дата поїздки: 2024-11-11
Ціна: 2100

2024-10-24 10:05:25 
[INFO]: Користувач вибрав фільтрацію списку за типом путівки.

2024-10-24 10:05:35 
[INFO]: 	Путівку видалено.
Назва: Путівка 8
Тип: Екскурсія
Країна: Іспанія
Транспорт: Потяг
Харчування: Все_включено
Бюджет: Середній
Кількість днів: 4
Дата поїздки: 2024-11-11
Ціна: 2150

2024-10-24 10:09:27 
[INFO]: Користувач увійшов у програму

2024-10-24 10:09:47 
[INFO]: Користувач вибрав сортування за кількістю днів у порядку спадання.

2024-10-24 10:09:55 
[INFO]: Користувач вийшов з програми

2024-10-26 20:31:50 
[INFO]: Користувач увійшов у програму

2024-10-26 20:32:44 
[INFO]: Користувач увійшов у програму

2024-10-26 20:32:57 
[INFO]: Користувач вийшов з програми

2024-10-26 20:34:35 
[ERROR]: Виникла помилка під час встановлення дати путівки.
Користувач ввів: Неправильна дата.

2024-10-26 20:57:41 
[ERROR]: Виникла помилка під час встановлення дати путівки.
Користувач ввів: Неправильна дата.

2024-10-26 21:03:42 
[ERROR]: Виникла помилка під час встановлення дати путівки.
Користувач ввів: Неправильна дата.

2024-10-27 07:52:11 
[INFO]: Користувач увійшов у програму

2024-10-27 07:52:21 
[INFO]: Користувач вибрав фільтрацію списку за країною.

2024-10-27 07:56:16 
[INFO]: Користувач увійшов у програму

2024-10-27 07:57:04 
[INFO]: Користувач увійшов у програму

2024-10-27 07:57:21 
[INFO]: Користувач вибрав фільтрацію списку за країною.

2024-10-27 07:57:30 
[INFO]: Користувач вийшов з програми

2024-10-27 08:20:39 
[ERROR]: Виникла помилка під час встановлення дати путівки.
Користувач ввів: Неправильна дата.

2024-10-27 08:30:07 
[ERROR]: Виникла помилка під час встановлення дати путівки.
Користувач ввів: Неправильна дата.

2024-10-27 22:22:09 
[ERROR]: Виникла помилка під час встановлення дати путівки.
Користувач ввів: Неправильна дата.

2024-10-28 08:40:13 
[ERROR]: Виникла помилка під час встановлення дати путівки.
Користувач ввів: Неправильна дата.

2024-10-28 10:06:13 
[ERROR]: Виникла помилка під час встановлення дати путівки.
Користувач ввів: Неправильна дата.

2024-10-28 11:58:07 
[ERROR]: Виникла помилка під час встановлення дати путівки.
Користувач ввів: Неправильна дата.

2024-10-28 12:06:05 
[ERROR]: Виникла помилка під час встановлення дати путівки.
Користувач ввів: Неправильна дата.

2024-10-28 13:04:08 
[ERROR]: Виникла помилка під час встановлення дати путівки.
Користувач ввів: Неправильна дата.

2024-10-28 13:15:04 
[ERROR]: Виникла помилка під час встановлення дати путівки.
Користувач ввів: Неправильна дата.

2024-10-28 13:15:15 
[ERROR]: Виникла помилка під час встановлення дати путівки.
Користувач ввів: Неправильна дата.

2024-10-28 14:00:59 
[ERROR]: Виникла помилка під час встановлення дати путівки.
Користувач ввів: Неправильна дата.

2024-10-28 14:01:49 
[ERROR]: Виникла помилка під час встановлення дати путівки.
Користувач ввів: Неправильна дата.

2024-10-28 14:11:19 
[ERROR]: Виникла помилка під час встановлення дати путівки.
Користувач ввів: Неправильна дата.

2024-10-28 14:12:03 
[ERROR]: Виникла помилка під час встановлення дати путівки.
Користувач ввів: Неправильна дата.

2024-10-28 14:15:28 
[ERROR]: Виникла помилка під час встановлення дати путівки.
Користувач ввів: Неправильна дата.

2024-10-28 16:14:34 
[ERROR]: Виникла помилка під час встановлення дати путівки.
Користувач ввів: Неправильна дата.

2024-10-28 16:21:11 
[ERROR]: Виникла помилка під час встановлення дати путівки.
Користувач ввів: Неправильна дата.

